01-07 07:44:07 com_github_MitjaNemec_ReplicateLayout.action_replicate_layout 278:Plugin executed on: 'linux'
01-07 07:44:07 com_github_MitjaNemec_ReplicateLayout.action_replicate_layout 279:Plugin executed with python version: '3.10.9 (main, Dec  7 2022, 13:47:07) [GCC 12.2.0]'
01-07 07:44:07 com_github_MitjaNemec_ReplicateLayout.action_replicate_layout 280:KiCad build version: 6.0.10+dfsg-2
01-07 07:44:07 com_github_MitjaNemec_ReplicateLayout.action_replicate_layout 281:Plugin version: 1.1.0
01-07 07:44:07 com_github_MitjaNemec_ReplicateLayout.action_replicate_layout 282:Frame repr: <wx._core.Frame object at 0x7fb69936b2e0>
01-07 07:44:07 com_github_MitjaNemec_ReplicateLayout.action_replicate_layout 301:Preparing replicator with K3 as a reference
01-07 07:44:07 com_github_MitjaNemec_ReplicateLayout.replicate_layout 98:getting a list of all footprints on board
01-07 07:44:07 com_github_MitjaNemec_ReplicateLayout.action_replicate_layout 329:source anchor footprint is 'K3'
Located on: ['Convection_L1']
With filenames: ['element.kicad_sch']
With sheet_id:['Convection_L1']
01-07 07:44:07 com_github_MitjaNemec_ReplicateLayout.action_replicate_layout 336:Corresponding footprints are 
[('K5', ['Bake_L2']), ('K4', ['Broil_Convection_L2']), ('K3', ['Convection_L1']), ('K2', ['Broil_L1']), ('K1', ['Bake_L1'])]
01-07 07:44:07 com_github_MitjaNemec_ReplicateLayout.action_replicate_layout 348:Showing dialog
01-07 07:44:07 com_github_MitjaNemec_ReplicateLayout.action_replicate_layout 354:Toolbar position: wx.Point(1666, 134)
01-07 07:44:07 com_github_MitjaNemec_ReplicateLayout.action_replicate_layout 360:Dialog position: wx.Point(1302, 134)
01-07 07:44:07 com_github_MitjaNemec_ReplicateLayout.replicate_layout 329:constructing a list of sheets suitable for replication on level:'Convection_L1', file:'element.kicad_sch'
01-07 07:44:07 com_github_MitjaNemec_ReplicateLayout.replicate_layout 366:suitable sheets are:[['Bake_L1'], ['Bake_L2'], ['Broil_Convection_L2'], ['Broil_L1']]
01-07 07:44:10 com_github_MitjaNemec_ReplicateLayout.replicate_layout 329:constructing a list of sheets suitable for replication on level:'Convection_L1', file:'element.kicad_sch'
01-07 07:44:10 com_github_MitjaNemec_ReplicateLayout.replicate_layout 366:suitable sheets are:[['Bake_L1'], ['Bake_L2'], ['Broil_Convection_L2'], ['Broil_L1']]
01-07 07:44:10 com_github_MitjaNemec_ReplicateLayout.replicate_layout 329:constructing a list of sheets suitable for replication on level:'Convection_L1', file:'element.kicad_sch'
01-07 07:44:10 com_github_MitjaNemec_ReplicateLayout.replicate_layout 366:suitable sheets are:[['Bake_L1'], ['Bake_L2'], ['Broil_Convection_L2'], ['Broil_L1']]
01-07 07:44:21 com_github_MitjaNemec_ReplicateLayout.replicate_layout 329:constructing a list of sheets suitable for replication on level:'Convection_L1', file:'element.kicad_sch'
01-07 07:44:21 com_github_MitjaNemec_ReplicateLayout.replicate_layout 366:suitable sheets are:[['Bake_L1'], ['Bake_L2'], ['Broil_Convection_L2'], ['Broil_L1']]
01-07 07:44:21 com_github_MitjaNemec_ReplicateLayout.action_replicate_layout 128:Replicating layout
01-07 07:44:21 com_github_MitjaNemec_ReplicateLayout.replicate_layout 146:Starting replication of sheets: [['Bake_L1'], ['Bake_L2'], ['Broil_Convection_L2'], ['Broil_L1']]
on level: ['Convection_L1']
with tracks=True, zone=True, text=False, containing=True, remove=True, locked=False, by_group=False
01-07 07:44:21 root 218:updating GUI message: 'Preparing for replication'
01-07 07:44:21 com_github_MitjaNemec_ReplicateLayout.replicate_layout 215:Getting the list of source footprints
01-07 07:44:21 root 223:updating GUI with: 0
01-07 07:44:21 com_github_MitjaNemec_ReplicateLayout.replicate_layout 230:Getting the list of all the remaining footprints
01-07 07:44:21 com_github_MitjaNemec_ReplicateLayout.replicate_layout 235:Getting nets local to source footprints
01-07 07:44:21 com_github_MitjaNemec_ReplicateLayout.replicate_layout 238:Getting source bounding box
01-07 07:44:21 com_github_MitjaNemec_ReplicateLayout.replicate_layout 242:Getting source tracks
01-07 07:44:21 com_github_MitjaNemec_ReplicateLayout.replicate_layout 251:Getting source zones
01-07 07:44:21 com_github_MitjaNemec_ReplicateLayout.replicate_layout 260:Getting source text items
01-07 07:44:21 com_github_MitjaNemec_ReplicateLayout.replicate_layout 269:Getting source drawing items
01-07 07:44:21 com_github_MitjaNemec_ReplicateLayout.replicate_layout 177:Removing tracks and zones, before footprint placement
01-07 07:44:21 root 218:updating GUI message: 'Removing zones and tracks'
01-07 07:44:21 com_github_MitjaNemec_ReplicateLayout.replicate_layout 1046:Remove bounding box top:58525000, bottom:145225000, Left:99852500, Right:142525000
01-07 07:44:21 com_github_MitjaNemec_ReplicateLayout.replicate_layout 1046:Remove bounding box top:58525000, bottom:132075000, Left:99890000, Right:142775000
01-07 07:44:21 com_github_MitjaNemec_ReplicateLayout.replicate_layout 1046:Remove bounding box top:58525000, bottom:100025000, Left:99890000, Right:142525000
01-07 07:44:21 com_github_MitjaNemec_ReplicateLayout.replicate_layout 1046:Remove bounding box top:58525000, bottom:116025000, Left:99890000, Right:142525000
01-07 07:44:21 root 218:updating GUI message: 'Replicating footprints'
01-07 07:44:21 com_github_MitjaNemec_ReplicateLayout.replicate_layout 663:Replicating footprints
01-07 07:44:21 com_github_MitjaNemec_ReplicateLayout.replicate_layout 669:Replicating footprints on sheet ['Bake_L1']
01-07 07:44:21 com_github_MitjaNemec_ReplicateLayout.replicate_layout 669:Replicating footprints on sheet ['Bake_L2']
01-07 07:44:21 root 223:updating GUI with: 50
01-07 07:44:21 com_github_MitjaNemec_ReplicateLayout.replicate_layout 669:Replicating footprints on sheet ['Broil_Convection_L2']
01-07 07:44:21 com_github_MitjaNemec_ReplicateLayout.replicate_layout 669:Replicating footprints on sheet ['Broil_L1']
01-07 07:44:21 com_github_MitjaNemec_ReplicateLayout.replicate_layout 185:Removing tracks and zones, after footprint placement
01-07 07:44:21 root 218:updating GUI message: 'Removing zones and tracks'
01-07 07:44:21 com_github_MitjaNemec_ReplicateLayout.replicate_layout 1046:Remove bounding box top:122525000, bottom:148025000, Left:99852500, Right:142487500
01-07 07:44:21 com_github_MitjaNemec_ReplicateLayout.replicate_layout 1046:Remove bounding box top:106525000, bottom:132025000, Left:99890000, Right:142525000
01-07 07:44:21 com_github_MitjaNemec_ReplicateLayout.replicate_layout 1046:Remove bounding box top:74525000, bottom:100025000, Left:99890000, Right:142525000
01-07 07:44:21 com_github_MitjaNemec_ReplicateLayout.replicate_layout 1046:Remove bounding box top:90412500, bottom:115912500, Left:99890000, Right:142525000
01-07 07:44:21 root 218:updating GUI message: 'Replicating tracks'
01-07 07:44:21 com_github_MitjaNemec_ReplicateLayout.replicate_layout 829:Replicating tracks
01-07 07:44:21 com_github_MitjaNemec_ReplicateLayout.replicate_layout 835:Replicating tracks on sheet ['Bake_L1']
01-07 07:44:21 com_github_MitjaNemec_ReplicateLayout.replicate_layout 835:Replicating tracks on sheet ['Bake_L2']
01-07 07:44:21 com_github_MitjaNemec_ReplicateLayout.replicate_layout 835:Replicating tracks on sheet ['Broil_Convection_L2']
01-07 07:44:21 root 223:updating GUI with: 56
01-07 07:44:21 com_github_MitjaNemec_ReplicateLayout.replicate_layout 835:Replicating tracks on sheet ['Broil_L1']
01-07 07:44:21 root 218:updating GUI message: 'Replicating zones'
01-07 07:44:21 com_github_MitjaNemec_ReplicateLayout.replicate_layout 887:Replicating zones
01-07 07:44:21 com_github_MitjaNemec_ReplicateLayout.replicate_layout 894:Replicating zones on sheet ['Bake_L1']
01-07 07:44:21 com_github_MitjaNemec_ReplicateLayout.replicate_layout 894:Replicating zones on sheet ['Bake_L2']
01-07 07:44:21 com_github_MitjaNemec_ReplicateLayout.replicate_layout 894:Replicating zones on sheet ['Broil_Convection_L2']
01-07 07:44:21 com_github_MitjaNemec_ReplicateLayout.replicate_layout 894:Replicating zones on sheet ['Broil_L1']
01-07 07:44:21 root 218:updating GUI message: 'Removing duplicates'
01-07 07:44:21 com_github_MitjaNemec_ReplicateLayout.action_replicate_layout 152:Replication complete
